
ff: parsing domain file
domain 'ROBOTS' defined
 ... done.
ff: parsing problem file
problem 'PROBROBOTS' defined
 ... done.


no metric specified. plan length assumed.

checking for cyclic := effects --- OK.

ff: search configuration is EHC, if that fails then  best-first on 1*g(s) + 5*h(s) where
    metric is  plan length

Cueing down from goal distance:   12 into depth [1][2]
                                  11            [1][2][3]
                                  10            [1][2]
                                   9            [1]
                                   8            [1][2][3][4][5]
                                   7            [1][2][3][4]
                                   6            [1]
                                   5            [1]
                                   4            [1]
                                   3            [1][2][3][4][5][6][7]
                                   2            [1]
                                   1            [1]
                                   0            

ff: found legal plan as follows

step    0: PICK-EMPTY-CUP ROB2 R3 HR CH
        1: EXCHANGE-EMPTY ROB2 ROB2 R3 HR HL
        2: MOVE-ROBOT ROB1 R1 PAS
        3: MOVE-ROBOT ROB2 R3 PAS
        4: EXCHANGE-EMPTY ROB2 ROB1 PAS HL HR
        5: MOVE-ROBOT ROB1 PAS R1
        6: FULFILL-CUP ROB1 R1 HR TM
        7: MOVE-ROBOT ROB1 R1 PAS
        8: MOVE-ROBOT ROB1 PAS R2
        9: SERVE ROB1 P1 HR R2
       10: MOVE-ROBOT ROB1 R2 R1
       11: FULFILL-CUP ROB1 R1 HR TM
       12: MOVE-ROBOT ROB1 R1 PAS
       13: MOVE-ROBOT ROB1 PAS R2
       14: SERVE ROB1 P3 HR R2
       15: MOVE-ROBOT ROB1 R2 R1
       16: FULFILL-CUP ROB1 R1 HR TM
       17: MOVE-ROBOT ROB1 R1 PAS
       18: EXCHANGE-FULL ROB1 ROB2 PAS HR HR
       19: MOVE-ROBOT ROB2 PAS R3
       20: SERVE ROB2 P2 HR R3
       21: MOVE-ROBOT ROB2 R3 PAS
       22: EXCHANGE-EMPTY ROB2 ROB1 PAS HR HR
       23: MOVE-ROBOT ROB1 PAS R1
       24: FULFILL-CUP ROB1 R1 HR TM
       25: MOVE-ROBOT ROB1 R1 PAS
       26: EXCHANGE-FULL ROB1 ROB2 PAS HR HR
       27: MOVE-ROBOT ROB2 PAS R4
       28: SERVE ROB2 P4 HR R4
     

time spent:    0.00 seconds instantiating 296 easy, 0 hard action templates
               0.00 seconds reachability analysis, yielding 28 facts and 88 actions
               0.00 seconds creating final representation with 22 relevant facts, 0 relevant fluents
               0.00 seconds computing LNF
               0.00 seconds building connectivity graph
               0.00 seconds searching, evaluating 157 states, to a max depth of 7
               0.00 seconds total time

