Number of literals: 37
Constructing lookup tables: [10%] [20%] [30%] [40%] [50%] [60%] [70%] [80%] [90%] [100%]
Post filtering unreachable actions:  [10%] [20%] [30%] [40%] [50%] [60%] [70%] [80%] [90%] [100%]
[01;34mNo analytic limits found, not considering limit effects of goal-only operators[00m
Initial heuristic = 12.000, admissible cost estimate 0.000
b (11.000 | 0.000)b (10.000 | 0.002)b (9.000 | 0.004)b (8.000 | 0.005)b (7.000 | 0.008)b (6.000 | 0.008)b (5.000 | 0.008)b (4.000 | 0.012)b (3.000 | 0.013)b (2.000 | 0.017)b (1.000 | 0.018)(G)
; No metric specified - using makespan

; Plan found with metric 0.019
; States evaluated so far: 505
; States pruned based on pre-heuristic cost lower bound: 0
; Time 0.30
0.000: (pick-empty-cup rob2 r3 hl ch)  [0.001]
0.000: (pick-empty-cup rob2 r3 hr ch)  [0.001]
0.000: (move-robot rob1 r1 pas)  [0.001]
0.000: (move-robot rob3 r2 pas)  [0.001]
0.001: (move-robot rob2 r3 pas)  [0.001]
0.002: (exchange-empty rob2 rob1 pas hr hl)  [0.001]
0.003: (move-robot rob1 pas r1)  [0.001]
0.003: (move-robot rob2 pas r4)  [0.001]
0.004: (fulfill-cup rob1 r1 hl tm)  [0.001]
0.004: (move-robot rob2 r4 pas)  [0.001]
0.005: (move-robot rob1 r1 r2)  [0.001]
0.005: (exchange-empty rob2 rob3 pas hl hr)  [0.001]
0.006: (move-robot rob1 r2 pas)  [0.001]
0.006: (move-robot rob3 pas r1)  [0.001]
0.007: (exchange-full rob1 rob2 pas hl hr)  [0.001]
0.007: (fulfill-cup rob3 r1 hr tm)  [0.001]
0.008: (move-robot rob2 pas r4)  [0.001]
0.008: (move-robot rob3 r1 r2)  [0.001]
0.009: (serve rob3 p3 hr r2)  [0.001]
0.009: (move-robot rob2 r4 r3)  [0.001]
0.010: (move-robot rob2 r3 r4)  [0.001]
0.010: (move-robot rob3 r2 r1)  [0.001]
0.011: (fulfill-cup rob3 r1 hr tm)  [0.001]
0.011: (serve rob2 p4 hr r4)  [0.001]
0.012: (move-robot rob3 r1 r2)  [0.001]
0.012: (move-robot rob2 r4 pas)  [0.001]
0.013: (serve rob3 p1 hr r2)  [0.001]
0.013: (exchange-empty rob2 rob1 pas hr hl)  [0.001]
0.014: (move-robot rob3 r2 pas)  [0.001]
0.014: (move-robot rob1 pas r1)  [0.001]
0.015: (fulfill-cup rob1 r1 hl tm)  [0.001]
0.016: (move-robot rob1 r1 pas)  [0.001]
0.017: (exchange-full rob1 rob2 pas hl hr)  [0.001]
0.018: (move-robot rob2 pas r3)  [0.001]
0.019: (serve rob2 p2 hr r3)  [0.001]

 * All goal deadlines now no later than 0.019

Resorting to best-first search
Running WA* with W = 5.000, not restarting with goal states
b (11.000 | 0.000)b (10.000 | 0.002)b (9.000 | 0.004)b (8.000 | 0.005)b (7.000 | 0.008)b (6.000 | 0.009)b (5.000 | 0.010)b (4.000 | 0.016)b (3.000 | 0.016)b (2.000 | 0.016)b (1.000 | 0.017)