Number of literals: 28
Constructing lookup tables: [10%] [20%] [30%] [40%] [50%] [60%] [70%] [80%] [90%] [100%]
Post filtering unreachable actions:  [10%] [20%] [30%] [40%] [50%] [60%] [70%] [80%] [90%] [100%]
[01;34mNo analytic limits found, not considering limit effects of goal-only operators[00m
Initial heuristic = 12.000, admissible cost estimate 0.000
b (11.000 | 0.000)b (10.000 | 0.002)b (9.000 | 0.004)b (8.000 | 0.005)b (7.000 | 0.009)b (6.000 | 0.012)b (5.000 | 0.013)b (4.000 | 0.014)b (3.000 | 0.015)b (2.000 | 0.022)b (1.000 | 0.023)(G)
; No metric specified - using makespan

; Plan found with metric 0.024
; States evaluated so far: 115
; States pruned based on pre-heuristic cost lower bound: 0
; Time 0.06
0.000: (pick-empty-cup rob2 r3 hl ch)  [0.001]
0.000: (pick-empty-cup rob2 r3 hr ch)  [0.001]
0.000: (move-robot rob1 r1 pas)  [0.001]
0.001: (move-robot rob2 r3 pas)  [0.001]
0.002: (exchange-empty rob2 rob1 pas hr hl)  [0.001]
0.003: (move-robot rob1 pas r1)  [0.001]
0.004: (fulfill-cup rob1 r1 hl tm)  [0.001]
0.005: (move-robot rob1 r1 r2)  [0.001]
0.006: (serve rob1 p3 hl r2)  [0.001]
0.007: (move-robot rob1 r2 r1)  [0.001]
0.008: (fulfill-cup rob1 r1 hl tm)  [0.001]
0.009: (move-robot rob1 r1 r2)  [0.001]
0.010: (serve rob1 p1 hl r2)  [0.001]
0.011: (move-robot rob1 r2 r1)  [0.001]
0.012: (fulfill-cup rob1 r1 hl tm)  [0.001]
0.013: (move-robot rob1 r1 pas)  [0.001]
0.014: (exchange-full rob1 rob2 pas hl hr)  [0.001]
0.015: (move-robot rob2 pas r4)  [0.001]
0.016: (serve rob2 p4 hr r4)  [0.001]
0.017: (move-robot rob2 r4 pas)  [0.001]
0.018: (exchange-empty rob2 rob1 pas hr hl)  [0.001]
0.019: (move-robot rob1 pas r1)  [0.001]
0.020: (fulfill-cup rob1 r1 hl tm)  [0.001]
0.021: (move-robot rob1 r1 pas)  [0.001]
0.022: (exchange-full rob1 rob2 pas hl hr)  [0.001]
0.023: (move-robot rob2 pas r3)  [0.001]
0.024: (serve rob2 p2 hr r3)  [0.001]

 * All goal deadlines now no later than 0.024

Resorting to best-first search
Running WA* with W = 5.000, not restarting with goal states
b (11.000 | 0.000)b (10.000 | 0.002)b (9.000 | 0.004)b (8.000 | 0.005)b (7.000 | 0.007)b (6.000 | 0.008)b (5.000 | 0.009)b (4.000 | 0.013)b (3.000 | 0.014)b (2.000 | 0.018)b (1.000 | 0.019)(G)b (0.000 | 0.020)(G)(G)(G)(G)(G)(G)(G)(G)(G)(G)(G)(G)(G)(G)(G)(G)(G)(G)(G)(G)(G)(G)(G)(G)(G)(G)(G)(G)(G)(G)(G)(G)(G)(G)(G)(G)(G)(G)(G)(G)(G)(G)(G)(G)(G)(G)(G)(G)(G)(G)(G)(G)(G)(G)(G)(G)(G)(G)(G)(G)(G)(G)(G)(G)(G)(G)(G)(G)(G)(G)(G)(G)(G)(G)(G)(G)(G)(G)(G)(G)(G)(G)(G)(G)(G)(G)(G)(G)(G)(G)(G)(G)(G)(G)(G)(G)(G)(G)(G)(G)(G)(G)(G)(G)(G)(G)(G)(G)(G)(G)(G)(G)(G)(G)(G)(G)(G)(G)(G)(G)(G)(G)(G)(G)(G)(G)(G)(G)(G)(G)(G)(G)(G)(G)(G)(G)(G)(G)(G)(G)(G)(G)(G)(G)(G)(G)(G)(G)(G)(G)(G)(G)(G)(G)(G)(G)(G)(G)(G)(G)(G)(G)(G)(G)(G)(G)(G)(G)(G)(G)(G)(G)(G)(G)(G)(G)(G)(G)(G)(G)(G)(G)(G)(G)(G)(G)(G)(G)(G)(G)(G)(G)(G)(G)(G)(G)(G)(G)(G)(G)(G)(G)(G)(G)(G)(G)(G)(G)(G)(G)(G)(G)(G)(G)(G)(G)(G)(G)(G)(G)(G)(G)(G)(G)(G)(G)(G)(G)(G)(G)(G)(G)(G)(G)(G)(G)(G)(G)(G)(G)(G)(G)(G)(G)(G)(G)(G)(G)(G)(G)(G)(G)(G)(G)(G)(G)(G)(G)(G)(G)(G)(G)(G)(G)(G)(G)(G)(G)(G)(G)(G)(G)(G)(G)(G)(G)(G)(G)(G)(G)(G)(G)(G)(G)(G)(G)(G)(G)(G)(G)(G)(G)(G)(G)(G)(G)(G)(G)(G)(G)(G)(G)(G)(G)(G)(G)(G)(G)(G)(G)(G)(G)(G)(G)(G)(G)(G)(G)(G)(G)(G)(G)(G)(G)(G)(G)(G)(G)(G)(G)(G)(G)(G)(G)(G)(G)(G)(G)(G)(G)(G)(G)(G)(G)(G)(G)(G)(G)(G)(G)(G)(G)(G)(G)(G)(G)(G)(G)(G)(G)(G)(G)(G)(G)(G)(G)(G)(G)(G)(G)(G)(G)(G)(G)(G)(G)(G)(G)(G)(G)(G)(G)(G)(G)(G)(G)(G)(G)(G)(G)(G)(G)(G)(G)(G)(G)(G)(G)(G)(G)(G)(G)(G)(G)(G)(G)(G)(G)(G)(G)(G)(G)(G)(G)(G)(G)(G)(G)(G)(G)(G)(G)(G)(G)(G)(G)(G)(G)(G)(G)(G)(G)(G)(G)(G)(G)(G)(G)(G)(G)(G)(G)(G)(G)(G)(G)(G)(G)(G)(G)(G)(G)(G)(G)(G)(G)(G)(G)b (0.000 | 0.019)(G)(G)(G)(G)(G)(G)(G)(G)(G)(G)(G)(G)(G)(G)(G)(G)(G)(G)(G)(G)(G)(G)(G)(G)(G)(G)(G)(G)(G)(G)(G)(G)(G)(G)(G)(G)(G)(G)(G)(G)(G)(G)(G)(G)(G)(G)(G)(G)(G)(G)(G)(G)(G)(G)(G)(G)(G)(G)(G)(G)(G)(G)(G)(G)(G)(G)(G)(G)(G)(G)(G)(G)(G)(G)(G)(G)(G)(G)(G)(G)(G)(G)(G)(G)(G)(G)(G)(G)(G)(G)(G)(G)(G)(G)(G)(G)(G)(G)(G)(G)(G)(G)(G)(G)(G)(G)(G)(G)(G)(G)(G)(G)(G)(G)(G)(G)(G)(G)(G)(G)(G)(G)(G)(G)(G)(G)(G)(G)(G)(G)(G)(G)(G)(G)(G)(G)(G)(G)(G)(G)(G)(G)(G)(G)(G)(G)(G)(G)(G)(G)(G)(G)(G)(G)(G)(G)(G)(G)(G)(G)(G)(G)(G)(G)(G)