
ff: parsing domain file
domain 'ROBOTS' defined
 ... done.
ff: parsing problem file
problem 'PROBROBOTS' defined
 ... done.


no metric specified. plan length assumed.

checking for cyclic := effects --- OK.

ff: search configuration is EHC, if that fails then  best-first on 1*g(s) + 5*h(s) where
    metric is  plan length

Cueing down from goal distance:    9 into depth [1][2]
                                   8            [1][2][3]
                                   7            [1][2]
                                   6            [1]
                                   5            [1][2][3][4]
                                   4            [1]
                                   3            [1]
                                   2            [1]
                                   1            [1]
                                   0            

ff: found legal plan as follows

step    0: PICK-EMPTY-CUP ROB2 R3 HR CH
        1: EXCHANGE-EMPTY ROB2 ROB2 R3 HR HL
        2: MOVE-ROBOT ROB1 R1 PAS
        3: MOVE-ROBOT ROB2 R3 PAS
        4: EXCHANGE-EMPTY ROB2 ROB1 PAS HL HR
        5: MOVE-ROBOT ROB1 PAS R1
        6: FULFILL-CUP ROB1 R1 HR TM
        7: MOVE-ROBOT ROB1 R1 PAS
        8: MOVE-ROBOT ROB1 PAS R2
        9: SERVE ROB1 P1 HR R2
       10: MOVE-ROBOT ROB1 R2 R1
       11: FULFILL-CUP ROB1 R1 HR TM
       12: MOVE-ROBOT ROB1 R1 PAS
       13: EXCHANGE-FULL ROB1 ROB2 PAS HR HR
       14: MOVE-ROBOT ROB2 PAS R3
       15: SERVE ROB2 P2 HR R3
     

time spent:    0.00 seconds instantiating 256 easy, 0 hard action templates
               0.00 seconds reachability analysis, yielding 24 facts and 84 actions
               0.00 seconds creating final representation with 20 relevant facts, 0 relevant fluents
               0.00 seconds computing LNF
               0.00 seconds building connectivity graph
               0.00 seconds searching, evaluating 39 states, to a max depth of 4
               0.00 seconds total time

