Number of literals: 24
Constructing lookup tables: [10%] [20%] [30%] [40%] [50%] [60%] [70%] [80%] [90%] [100%] [110%] [120%] [130%] [140%]
Post filtering unreachable actions:  [10%] [20%] [30%] [40%] [50%] [60%] [70%] [80%] [90%] [100%] [110%] [120%] [130%] [140%]
[01;34mNo analytic limits found, not considering limit effects of goal-only operators[00m
Initial heuristic = 9.000, admissible cost estimate 0.000
b (8.000 | 0.000)b (7.000 | 0.002)b (6.000 | 0.004)b (5.000 | 0.005)b (4.000 | 0.008)b (3.000 | 0.009)b (2.000 | 0.010)b (1.000 | 0.011)(G)
; No metric specified - using makespan

; Plan found with metric 0.012
; States evaluated so far: 37
; States pruned based on pre-heuristic cost lower bound: 0
; Time 0.02
0.000: (pick-empty-cup rob2 r3 hl ch)  [0.001]
0.000: (pick-empty-cup rob2 r3 hr ch)  [0.001]
0.000: (move-robot rob1 r1 pas)  [0.001]
0.001: (move-robot rob2 r3 pas)  [0.001]
0.002: (exchange-empty rob2 rob1 pas hr hl)  [0.001]
0.003: (move-robot rob1 pas r1)  [0.001]
0.004: (fulfill-cup rob1 r1 hl tm)  [0.001]
0.005: (move-robot rob1 r1 r2)  [0.001]
0.006: (serve rob1 p1 hl r2)  [0.001]
0.007: (move-robot rob1 r2 r1)  [0.001]
0.008: (fulfill-cup rob1 r1 hl tm)  [0.001]
0.009: (move-robot rob1 r1 pas)  [0.001]
0.010: (exchange-full rob1 rob2 pas hl hr)  [0.001]
0.011: (move-robot rob2 pas r3)  [0.001]
0.012: (serve rob2 p2 hr r3)  [0.001]

 * All goal deadlines now no later than 0.012

Resorting to best-first search
Running WA* with W = 5.000, not restarting with goal states
b (8.000 | 0.000)b (7.000 | 0.002)b (6.000 | 0.004)b (5.000 | 0.005)b (4.000 | 0.008)b (3.000 | 0.009)b (2.000 | 0.010)b (1.000 | 0.011)(G)b (0.000 | 0.012)(G)(G)(G)(G)(G)(G)b (0.000 | 0.010)(G)(G)(G)(G)(G)(G)(G)(G)(G)(G)(G)(G)(G)(G)(G)(G)(G)(G)(G)(G)(G)(G)(G)(G)(G)(G)(G)(G)(G)(G)(G)(G)(G)(G)(G)(G)(G)(G)(G)(G)(G)(G)(G)(G)(G)(G)(G)(G)(G)(G)(G)(G)(G)(G)(G)(G)(G)(G)(G)(G)(G)(G)(G)(G)(G)(G)(G)(G)(G)(G)(G)(G)(G)(G)(G)(G)(G)(G)(G)(G)(G)(G)(G)(G)(G)(G)(G)(G)(G)(G)(G)(G)(G)(G)(G)(G)(G)(G)(G)(G)(G)(G)(G)(G)(G)(G)(G)(G)(G)(G)(G)(G)(G)(G)(G)(G)(G)(G)(G)(G)(G)(G)(G)(G)(G)(G)(G)(G)(G)(G)(G)(G)(G)(G)(G)(G)(G)(G)(G)(G)(G)(G)(G)(G)(G)(G)(G)(G)(G)(G)(G)(G)(G)(G)(G)(G)(G)(G)(G)(G)(G)(G)(G)(G)(G)(G)(G)(G)(G)(G)(G)(G)(G)(G)(G)(G)(G)(G)(G)(G)(G)(G)(G)(G)(G)(G)(G)(G)(G)(G)(G)(G)(G)(G)(G)(G)(G)(G)(G)(G)(G)(G)(G)(G)(G)(G)(G)(G)(G)(G)(G)(G)(G)(G)(G)(G)(G)(G)(G)(G)(G)(G)(G)(G)(G)(G)(G)(G)(G)(G)(G)(G)(G)(G)(G)(G)(G)(G)(G)(G)(G)(G)(G)(G)(G)(G)(G)(G)(G)(G)(G)(G)(G)(G)(G)(G)(G)(G)(G)(G)(G)(G)(G)(G)(G)(G)(G)(G)(G)(G)(G)(G)(G)(G)(G)(G)(G)(G)(G)(G)(G)(G)(G)(G)(G)(G)(G)(G)(G)(G)(G)(G)(G)(G)(G)(G)(G)(G)(G)(G)(G)(G)(G)(G)(G)(G)(G)(G)(G)(G)(G)(G)(G)(G)(G)(G)(G)(G)(G)(G)(G)(G)(G)(G)(G)(G)(G)(G)(G)(G)(G)(G)(G)(G)(G)(G)(G)(G)(G)(G)(G)(G)(G)(G)(G)(G)(G)(G)(G)(G)(G)(G)(G)(G)(G)(G)(G)(G)(G)(G)(G)(G)(G)(G)(G)(G)(G)(G)(G)(G)(G)(G)(G)(G)(G)(G)(G)(G)(G)(G)(G)(G)(G)(G)(G)(G)(G)(G)(G)(G)(G)(G)(G)(G)(G)(G)(G)(G)(G)(G)(G)(G)(G)(G)(G)(G)(G)(G)(G)(G)(G)(G)(G)(G)(G)(G)(G)(G)(G)(G)(G)(G)(G)(G)(G)(G)(G)(G)(G)(G)(G)(G)(G)(G)(G)(G)(G)(G)(G)(G)(G)(G)(G)(G)(G)(G)(G)(G)(G)(G)(G)(G)(G)(G)(G)(G)(G)(G)(G)(G)(G)(G)(G)(G)(G)(G)(G)(G)(G)(G)(G)(G)(G)(G)(G)(G)(G)(G)(G)(G)(G)(G)(G)(G)(G)(G)(G)(G)(G)(G)(G)(G)(G)(G)(G)(G)(G)(G)(G)(G)(G)(G)(G)(G)(G)(G)(G)(G)(G)(G)(G)(G)(G)(G)(G)(G)(G)(G)(G)(G)(G)(G)(G)(G)(G)(G)(G)(G)(G)(G)(G)(G)(G)(G)(G)(G)(G)(G)(G)(G)(G)(G)(G)(G)(G)(G)(G)(G)(G)(G)(G)(G)(G)(G)(G)(G)(G)(G)(G)(G)(G)(G)(G)(G)(G)(G)(G)(G)(G)(G)(G)(G)(G)(G)(G)(G)(G)(G)(G)(G)(G)(G)(G)(G)(G)(G)(G)(G)(G)(G)(G)(G)(G)(G)(G)(G)(G)(G)(G)(G)(G)(G)(G)(G)(G)(G)(G)(G)(G)(G)(G)(G)(G)(G)(G)(G)(G)(G)(G)(G)(G)(G)(G)(G)(G)(G)(G)(G)(G)(G)(G)(G)(G)(G)(G)(G)(G)(G)(G)(G)(G)(G)(G)(G)(G)(G)(G)(G)(G)(G)(G)(G)(G)(G)(G)(G)(G)(G)(G)(G)(G)(G)(G)(G)(G)(G)(G)(G)(G)(G)(G)(G)(G)(G)(G)(G)(G)(G)(G)(G)(G)(G)(G)(G)(G)(G)(G)(G)(G)(G)(G)(G)(G)(G)(G)(G)(G)(G)(G)(G)(G)(G)(G)(G)(G)(G)(G)(G)(G)(G)(G)(G)(G)(G)(G)(G)(G)(G)(G)(G)(G)(G)(G)(G)(G)(G)(G)(G)(G)(G)(G)(G)(G)(G)(G)(G)(G)(G)(G)(G)(G)(G)(G)(G)(G)(G)(G)(G)(G)(G)(G)(G)(G)(G)(G)(G)(G)(G)(G)(G)(G)(G)(G)(G)(G)(G)(G)(G)(G)(G)(G)(G)(G)(G)(G)(G)(G)(G)(G)(G)(G)(G)(G)(G)(G)(G)(G)(G)(G)(G)(G)(G)(G)(G)(G)(G)(G)(G)(G)(G)(G)(G)(G)(G)(G)(G)(G)(G)(G)(G)(G)(G)(G)(G)(G)(G)(G)(G)(G)(G)(G)(G)(G)(G)(G)(G)(G)(G)(G)(G)(G)(G)(G)(G)(G)(G)(G)(G)(G)(G)(G)(G)(G)(G)(G)(G)(G)(G)(G)(G)(G)(G)(G)(G)(G)(G)(G)(G)(G)(G)(G)(G)(G)(G)(G)(G)(G)(G)(G)(G)(G)(G)(G)(G)(G)(G)(G)(G)(G)(G)(G)(G)(G)(G)(G)(G)(G)(G)(G)(G)(G)(G)(G)(G)(G)(G)(G)(G)(G)(G)(G)(G)(G)(G)(G)(G)(G)(G)(G)(G)(G)(G)(G)(G)(G)(G)(G)(G)(G)(G)(G)(G)(G)(G)(G)(G)(G)(G)(G)(G)(G)(G)(G)(G)(G)(G)(G)(G)(G)(G)(G)(G)(G)(G)(G)(G)(G)(G)(G)(G)(G)(G)(G)(G)(G)(G)(G)(G)(G)(G)(G)(G)(G)(G)(G)(G)(G)(G)(G)(G)(G)(G)(G)(G)(G)(G)(G)(G)(G)(G)(G)(G)(G)(G)(G)(G)(G)(G)(G)(G)(G)(G)(G)(G)(G)(G)(G)(G)(G)(G)(G)(G)(G)(G)(G)(G)(G)(G)(G)(G)(G)(G)(G)(G)(G)(G)(G)(G)(G)(G)(G)(G)(G)(G)(G)(G)(G)(G)(G)(G)(G)(G)(G)(G)(G)(G)(G)(G)(G)(G)(G)(G)(G)(G)(G)(G)(G)(G)(G)(G)(G)(G)(G)(G)(G)(G)(G)(G)(G)(G)(G)(G)(G)(G)(G)(G)(G)(G)(G)(G)(G)(G)(G)(G)(G)(G)(G)(G)(G)(G)(G)(G)(G)(G)(G)(G)(G)(G)(G)(G)(G)(G)(G)(G)(G)(G)(G)(G)(G)(G)(G)(G)(G)(G)(G)(G)(G)(G)(G)(G)(G)(G)(G)(G)(G)(G)(G)(G)(G)(G)(G)(G)(G)(G)(G)(G)(G)(G)(G)(G)(G)(G)(G)(G)(G)(G)(G)(G)(G)(G)(G)(G)(G)(G)(G)(G)(G)(G)(G)(G)(G)(G)(G)(G)(G)(G)(G)(G)(G)(G)(G)(G)(G)(G)(G)(G)(G)(G)(G)(G)(G)(G)(G)(G)(G)(G)(G)(G)(G)(G)(G)(G)(G)(G)(G)(G)(G)(G)(G)(G)(G)(G)(G)(G)(G)(G)(G)(G)(G)(G)(G)(G)(G)(G)(G)(G)(G)(G)(G)(G)(G)(G)(G)(G)(G)(G)(G)(G)(G)(G)(G)(G)(G)(G)(G)(G)(G)(G)(G)(G)(G)(G)(G)(G)(G)(G)(G)(G)(G)(G)(G)(G)(G)(G)(G)(G)(G)(G)(G)(G)(G)(G)(G)(G)(G)(G)(G)(G)(G)(G)(G)(G)(G)(G)(G)(G)(G)(G)(G)(G)(G)(G)(G)(G)(G)(G)(G)(G)(G)(G)(G)(G)(G)(G)(G)(G)(G)(G)(G)(G)(G)(G)(G)(G)(G)(G)(G)(G)(G)(G)(G)(G)(G)(G)(G)(G)(G)(G)(G)(G)(G)(G)(G)(G)(G)(G)(G)(G)(G)(G)(G)(G)(G)(G)(G)(G)(G)(G)(G)(G)(G)(G)(G)(G)(G)(G)(G)(G)(G)(G)(G)(G)(G)(G)(G)(G)(G)(G)(G)(G)(G)(G)(G)(G)(G)(G)(G)(G)(G)(G)(G)(G)(G)(G)(G)(G)(G)(G)(G)(G)(G)(G)(G)(G)(G)(G)(G)(G)(G)(G)(G)(G)(G)(G)(G)(G)(G)(G)(G)(G)(G)(G)(G)(G)(G)(G)(G)(G)(G)(G)(G)(G)(G)(G)(G)(G)(G)(G)(G)(G)(G)(G)(G)(G)(G)(G)(G)(G)(G)(G)(G)(G)(G)(G)(G)(G)(G)(G)(G)(G)(G)(G)(G)(G)(G)(G)(G)(G)(G)(G)(G)(G)(G)(G)(G)(G)(G)(G)(G)(G)(G)(G)(G)(G)(G)(G)(G)(G)(G)(G)(G)(G)(G)(G)(G)(G)(G)(G)(G)(G)(G)(G)(G)(G)(G)(G)(G)(G)(G)(G)(G)(G)(G)(G)(G)(G)(G)(G)(G)(G)(G)(G)(G)(G)(G)(G)(G)(G)(G)(G)(G)(G)(G)(G)(G)(G)(G)(G)(G)(G)(G)(G)(G)(G)(G)(G)(G)(G)(G)(G)(G)(G)(G)(G)(G)(G)(G)(G)(G)(G)(G)(G)(G)(G)(G)(G)(G)(G)(G)(G)(G)(G)(G)(G)(G)(G)(G)(G)(G)(G)(G)(G)(G)(G)(G)(G)(G)(G)(G)(G)(G)(G)(G)(G)(G)(G)(G)(G)(G)(G)(G)(G)(G)(G)(G)(G)(G)(G)(G)(G)(G)(G)(G)(G)(G)(G)(G)(G)(G)(G)(G)(G)(G)(G)(G)(G)(G)(G)(G)(G)(G)(G)(G)(G)(G)(G)(G)(G)(G)(G)(G)(G)(G)(G)(G)(G)(G)(G)(G)(G)(G)(G)(G)(G)(G)(G)(G)(G)(G)(G)(G)(G)(G)(G)(G)(G)(G)(G)(G)(G)(G)